
> client@0.1.0 lint
> eslint


/Users/macbookpro/Desktop/project/liveroom/client/app/layout.tsx
  19:9  warning  Custom fonts not added in `pages/_document.js` will only load for a single page. This is discouraged. See: https://nextjs.org/docs/messages/no-page-custom-font  @next/next/no-page-custom-font

/Users/macbookpro/Desktop/project/liveroom/client/app/room/[roomId]/page.tsx
   3:31  warning  'useRef' is defined but never used                                                                                                                                                                                                                                                                                                                                                                                                                                                                                                                                                                                                                                                                                                                                                                                                                                                                                                                                                                                                                           @typescript-eslint/no-unused-vars
  36:5   error    Error: Calling setState synchronously within an effect can trigger cascading renders

Effects are intended to synchronize state between React and external systems such as manually updating the DOM, state management libraries, or other platform APIs. In general, the body of an effect should do one or both of the following:
* Update external systems with the latest state from React.
* Subscribe for updates from some external system, calling setState in a callback function when external state changes.

Calling setState synchronously within an effect body causes cascading renders that can hurt performance, and is not recommended. (https://react.dev/learn/you-might-not-need-an-effect).

/Users/macbookpro/Desktop/project/liveroom/client/app/room/[roomId]/page.tsx:36:5
  34 |
  35 |   useEffect(() => {
> 36 |     setUsername(localStorage.getItem('username') || 'Anonymous')
     |     ^^^^^^^^^^^ Avoid calling setState() directly within an effect
  37 |
  38 |     setCallbacks(
  39 |       (userId, stream) => {  react-hooks/set-state-in-effect
  66:50  error    Unexpected any. Specify a different type                                                                                                                                                                                                                                                                                                                                                                                                                                                                                                                                                                                                                                                                                                                                                                                                                                                                                                                                                                                                                     @typescript-eslint/no-explicit-any
  70:52  error    Unexpected any. Specify a different type                                                                                                                                                                                                                                                                                                                                                                                                                                                                                                                                                                                                                                                                                                                                                                                                                                                                                                                                                                                                                     @typescript-eslint/no-explicit-any
  74:62  error    Unexpected any. Specify a different type                                                                                                                                                                                                                                                                                                                                                                                                                                                                                                                                                                                                                                                                                                                                                                                                                                                                                                                                                                                                                     @typescript-eslint/no-explicit-any

✖ 6 problems (4 errors, 2 warnings)

